This is pdfTeX, Version 3.141592-1.40.7 (MiKTeX 2.7) (preloaded format=latex 2008.3.12)  3 JUN 2008 10:49
entering extended mode
**Main.tex
(Main.tex
LaTeX2e <2005/12/01>
Babel <v3.8h> and hyphenation patterns for english, dumylang, nohyphenation, ge
rman, ngerman, french, loaded.
("C:\Programme\MiKTeX 2.7\tex\latex\koma-script\scrbook.cls"
Document Class: scrbook 2007/12/24 v2.98 KOMA-Script document class (book)
("C:\Programme\MiKTeX 2.7\tex\latex\koma-script\scrkbase.sty"
Package: scrkbase 2007/12/24 v2.98 KOMA-Script package (basics and keyval use)

("C:\Programme\MiKTeX 2.7\tex\latex\graphics\keyval.sty"
Package: keyval 1999/03/16 v1.13 key=value parser (DPC)
\KV@toks@=\toks14
)
("C:\Programme\MiKTeX 2.7\tex\latex\koma-script\scrlfile.sty"
Package: scrlfile 2007/12/18 v2.98 KOMA-Script package (loading files)

Package scrlfile, 2007/12/18 v2.98 KOMA-Script package (loading files)
                  Copyright (C) Markus Kohm

))
Package scrkbase Info: You've used obsolete option `oneside'.
(scrkbase)             \KOMAExecuteOptions{twoside=false} will be
(scrkbase)             used instead.
(scrkbase)             You may simply replace `oneside'
(scrkbase)             by `twoside=false'.
Package scrkbase Info: You've used obsolete option `11pt'.
(scrkbase)             \KOMAExecuteOptions{fontsize=11pt} will be
(scrkbase)             used instead.
(scrkbase)             You may simply replace `11pt'
(scrkbase)             by `fontsize=11pt'.
Class scrbook Info: File `bk11.clo' used to setup font sizes on input line 953.

 ("C:\Programme\MiKTeX 2.7\tex\latex\base\bk11.clo"
File: bk11.clo 2005/09/16 v1.4f Standard LaTeX file (size option)
)
("C:\Programme\MiKTeX 2.7\tex\latex\koma-script\typearea.sty"
Package: typearea 2007/12/24 v2.98 KOMA-Script package (type area)

Package typearea, 2007/12/24 v2.98 KOMA-Script package (type area)
                  Copyright (C) Frank Neukam, 1992-1994
                  Copyright (C) Markus Kohm, 1994-

\ta@bcor=\skip41
\ta@div=\count79
Package scrkbase Info: You've used obsolete option `oneside'.
(scrkbase)             \KOMAExecuteOptions{twoside=false} will be
(scrkbase)             used instead.
(scrkbase)             You may simply replace `oneside'
(scrkbase)             by `twoside=false'.
Package scrkbase Info: You've used obsolete option `a4paper'.
(scrkbase)             \KOMAExecuteOptions{paper=a4} will be
(scrkbase)             used instead.
(scrkbase)             You may simply replace `a4paper'
(scrkbase)             by `paper=a4'.
\ta@hblk=\skip42
\ta@vblk=\skip43
\ta@temp=\skip44
Package typearea Info: These are the values describing the layout:
(typearea)             DIV  = 10
(typearea)             BCOR = 0.0pt
(typearea)             \paperwidth      = 597.50793pt
(typearea)              \textwidth      = 418.25555pt
(typearea)              DIV-departure   = -6/100
(typearea)              \evensidemargin = 17.3562pt
(typearea)              \oddsidemargin  = 17.3562pt
(typearea)             \paperheight     = 845.04694pt
(typearea)              \textheight     = 555.00024pt
(typearea)              \topmargin      = 12.2347pt
(typearea)              \headheight     = 17.0pt
(typearea)              \headsep        = 20.40001pt
(typearea)              \topskip        = 11.0pt
(typearea)              \footskip       = 47.60002pt
(typearea)              \baselineskip   = 13.6pt
(typearea)              on input line 906.
)
\c@part=\count80
\c@chapter=\count81
\c@section=\count82
\c@subsection=\count83
\c@subsubsection=\count84
\c@paragraph=\count85
\c@subparagraph=\count86
\abovecaptionskip=\skip45
\belowcaptionskip=\skip46
\c@pti@nb@sid@b@x=\box26
\c@figure=\count87
\c@table=\count88
\bibindent=\dimen102
) ("C:\Programme\MiKTeX 2.7\tex\latex\ntgclass\a4.sty"
Package: a4 2004/04/15 v1.2g A4 based page layout
)
("C:\Programme\MiKTeX 2.7\tex\generic\babel\babel.sty"
Package: babel 2005/11/23 v3.8h The Babel package

*************************************
* Local config file bblopts.cfg used
*
("C:\Programme\MiKTeX 2.7\tex\latex\00miktex\bblopts.cfg"
File: bblopts.cfg 2006/07/31 v1.0 MiKTeX 'babel' configuration
)
("C:\Programme\MiKTeX 2.7\tex\generic\babel\ngermanb.ldf"
Language: ngermanb 2004/02/20 v2.6m new German support from the babel system

("C:\Programme\MiKTeX 2.7\tex\generic\babel\babel.def"
File: babel.def 2005/11/23 v3.8h Babel common definitions
\babel@savecnt=\count89
\U@D=\dimen103
)
\l@naustrian = a dialect from \language\l@ngerman 
Package babel Info: Making " an active character on input line 92.
)
("C:\Programme\MiKTeX 2.7\tex\generic\babel\english.ldf"
Language: english 2005/03/30 v3.3o English support from the babel system
\l@british = a dialect from \language\l@english 
\l@UKenglish = a dialect from \language\l@english 
\l@canadian = a dialect from \language\l@american 
\l@australian = a dialect from \language\l@british 
\l@newzealand = a dialect from \language\l@british 
))
("C:\Programme\MiKTeX 2.7\tex\latex\base\inputenc.sty"
Package: inputenc 2006/05/05 v1.1b Input encoding file
\inpenc@prehook=\toks15
\inpenc@posthook=\toks16

("C:\Programme\MiKTeX 2.7\tex\latex\base\ansinew.def"
File: ansinew.def 2006/05/05 v1.1b Input encoding file
))
("C:\Programme\MiKTeX 2.7\tex\latex\amsmath\amsmath.sty"
Package: amsmath 2000/07/18 v2.13 AMS math features
\@mathmargin=\skip47

For additional information on amsmath, use the `?' option.
("C:\Programme\MiKTeX 2.7\tex\latex\amsmath\amstext.sty"
Package: amstext 2000/06/29 v2.01

("C:\Programme\MiKTeX 2.7\tex\latex\amsmath\amsgen.sty"
File: amsgen.sty 1999/11/30 v2.0
\@emptytoks=\toks17
\ex@=\dimen104
))
("C:\Programme\MiKTeX 2.7\tex\latex\amsmath\amsbsy.sty"
Package: amsbsy 1999/11/29 v1.2d
\pmbraise@=\dimen105
)
("C:\Programme\MiKTeX 2.7\tex\latex\amsmath\amsopn.sty"
Package: amsopn 1999/12/14 v2.01 operator names
)
\inf@bad=\count90
LaTeX Info: Redefining \frac on input line 211.
\uproot@=\count91
\leftroot@=\count92
LaTeX Info: Redefining \overline on input line 307.
\classnum@=\count93
\DOTSCASE@=\count94
LaTeX Info: Redefining \ldots on input line 379.
LaTeX Info: Redefining \dots on input line 382.
LaTeX Info: Redefining \cdots on input line 467.
\Mathstrutbox@=\box27
\strutbox@=\box28
\big@size=\dimen106
LaTeX Font Info:    Redeclaring font encoding OML on input line 567.
LaTeX Font Info:    Redeclaring font encoding OMS on input line 568.
\macc@depth=\count95
\c@MaxMatrixCols=\count96
\dotsspace@=\muskip10
\c@parentequation=\count97
\dspbrk@lvl=\count98
\tag@help=\toks18
\row@=\count99
\column@=\count100
\maxfields@=\count101
\andhelp@=\toks19
\eqnshift@=\dimen107
\alignsep@=\dimen108
\tagshift@=\dimen109
\tagwidth@=\dimen110
\totwidth@=\dimen111
\lineht@=\dimen112
\@envbody=\toks20
\multlinegap=\skip48
\multlinetaggap=\skip49
\mathdisplay@stack=\toks21
LaTeX Info: Redefining \[ on input line 2666.
LaTeX Info: Redefining \] on input line 2667.
)
("C:\Programme\MiKTeX 2.7\tex\latex\subfigure\subfigure.sty"
Package: subfigure 2002/07/30 v2.1.4 subfigure package
\subfigtopskip=\skip50
\subfigcapskip=\skip51
\subfigcaptopadj=\dimen113
\subfigbottomskip=\skip52
\subfigcapmargin=\dimen114
\subfiglabelskip=\skip53
\c@subfigure=\count102
\c@lofdepth=\count103
\c@subtable=\count104
\c@lotdepth=\count105

****************************************
* Local config file subfigure.cfg used *
****************************************
("C:\Programme\MiKTeX 2.7\tex\latex\subfigure\subfigure.cfg")
\subfig@top=\skip54
\subfig@bottom=\skip55
)
("C:\Programme\MiKTeX 2.7\tex\latex\graphics\epsfig.sty"
Package: epsfig 1999/02/16 v1.7a (e)psfig emulation (SPQR)

("C:\Programme\MiKTeX 2.7\tex\latex\graphics\graphicx.sty"
Package: graphicx 1999/02/16 v1.0f Enhanced LaTeX Graphics (DPC,SPQR)

("C:\Programme\MiKTeX 2.7\tex\latex\graphics\graphics.sty"
Package: graphics 2006/02/20 v1.0o Standard LaTeX Graphics (DPC,SPQR)

("C:\Programme\MiKTeX 2.7\tex\latex\graphics\trig.sty"
Package: trig 1999/03/16 v1.09 sin cos tan (DPC)
)
("C:\Programme\MiKTeX 2.7\tex\latex\00miktex\graphics.cfg"
File: graphics.cfg 2007/01/18 v1.5 graphics configuration of teTeX/TeXLive
)
Package graphics Info: Driver file: dvips.def on input line 90.

("C:\Programme\MiKTeX 2.7\tex\latex\graphics\dvips.def"
File: dvips.def 1999/02/16 v3.0i Driver-dependant file (DPC,SPQR)
))
\Gin@req@height=\dimen115
\Gin@req@width=\dimen116
)
\epsfxsize=\dimen117
\epsfysize=\dimen118
)
("C:\Programme\MiKTeX 2.7\tex\latex\multirow\multirow.sty"
\bigstrutjot=\dimen119
)
("C:\Programme\MiKTeX 2.7\tex\latex\ltxmisc\framed.sty"
Package: framed 2007/10/04 v 0.95: framed or shaded text with page breaks
\fb@frw=\dimen120
\fb@frh=\dimen121
\FrameRule=\dimen122
\FrameSep=\dimen123
)
("C:\Programme\MiKTeX 2.7\tex\latex\koma-script\scrpage2.sty"
Package: scrpage2 2007/07/23 v2.2e LaTeX2e KOMA-Script package
LaTeX Info: Redefining \pagemark on input line 147.
)
("C:\Programme\MiKTeX 2.7\tex\latex\natbib\natbib.sty"
Package: natbib 2007/10/30 8.1 (PWD)
\bibhang=\skip56
\bibsep=\skip57
LaTeX Info: Redefining \cite on input line 602.
\c@NAT@ctr=\count106
)
("C:\Programme\MiKTeX 2.7\tex\latex\listings\listings.sty"
\lst@mode=\count107
\lst@gtempboxa=\box29
\lst@token=\toks22
\lst@length=\count108
\lst@currlwidth=\dimen124
\lst@column=\count109
\lst@pos=\count110
\lst@lostspace=\dimen125
\lst@width=\dimen126
\lst@newlines=\count111
\lst@lineno=\count112
\lst@maxwidth=\dimen127

("C:\Programme\MiKTeX 2.7\tex\latex\listings\lstmisc.sty"
File: lstmisc.sty 2007/02/22 1.4 (Carsten Heinz)
\c@lstnumber=\count113
\lst@skipnumbers=\count114
\lst@framebox=\box30
)
("C:\Programme\MiKTeX 2.7\tex\latex\listings\listings.cfg"
File: listings.cfg 2007/02/22 1.4 listings configuration
))
Package: listings 2007/02/22 1.4 (Carsten Heinz)

("C:\Programme\MiKTeX 2.7\tex\latex\setspace\setspace.sty"
Package: setspace 2000/12/01 6.7 Contributed and Supported LaTeX2e package

Package: `setspace' 6.7 <2000/12/01>
) ("C:\Programme\MiKTeX 2.7\tex\latex\booktabs\booktabs.sty"
Package: booktabs 2005/04/14 v1.61803 publication quality tables
\heavyrulewidth=\dimen128
\lightrulewidth=\dimen129
\cmidrulewidth=\dimen130
\belowrulesep=\dimen131
\belowbottomsep=\dimen132
\aboverulesep=\dimen133
\abovetopsep=\dimen134
\cmidrulesep=\dimen135
\cmidrulekern=\dimen136
\defaultaddspace=\dimen137
\@cmidla=\count115
\@cmidlb=\count116
\@aboverulesep=\dimen138
\@belowrulesep=\dimen139
\@thisruleclass=\count117
\@lastruleclass=\count118
\@thisrulewidth=\dimen140
)
("C:\Programme\MiKTeX 2.7\tex\latex\microtype\microtype.sty"
Package: microtype 2007/12/23 v2.3 Micro-typography with pdfTeX (RS)
\MT@toks=\toks23
\MT@count=\count119
LaTeX Info: Redefining \lsstyle on input line 1591.
LaTeX Info: Redefining \lslig on input line 1591.
\MT@outer@space=\skip58
LaTeX Info: Redefining \textls on input line 1592.
\MT@outer@kern=\dimen141
LaTeX Info: Redefining \textmicrotypecontext on input line 2119.
Package microtype Info: Loading configuration file microtype.cfg.

("C:\Programme\MiKTeX 2.7\tex\latex\microtype\microtype.cfg"
File: microtype.cfg 2007/12/23 v2.3 microtype main configuration file (RS)
))
("C:\Programme\MiKTeX 2.7\tex\latex\picinpar\picinpar.sty"
Pictures in Paragraphs. Version 1.2a, July 13, 1993
\br=\count120
\bl=\count121
\na=\count122
\nb=\count123
\tcdsav=\count124
\tcl=\count125
\tcd=\count126
\tcn=\count127
\cumtcl=\count128
\cumpartcl=\count129
\lftside=\dimen142
\rtside=\dimen143
\hpic=\dimen144
\vpic=\dimen145
\strutilg=\dimen146
\picwd=\dimen147
\topheight=\dimen148
\ilg=\dimen149
\lpic=\dimen150
\lwindowsep=\dimen151
\rwindowsep=\dimen152
\cumpar=\dimen153
\twa=\toks24
\la=\toks25
\ra=\toks26
\ha=\toks27
\pictoc=\toks28
\rawtext=\box31
\holder=\box32
\windowbox=\box33
\wartext=\box34
\finaltext=\box35
\aslice=\box36
\bslice=\box37
\wbox=\box38
\wstrutbox=\box39
\picbox=\box40
\waslice=\box41
\wbslice=\box42
\fslice=\box43
) ("C:\Programme\MiKTeX 2.7\tex\latex\ltxmisc\url.sty"
\Urlmuskip=\muskip11
Package: url 2006/04/12  ver 3.3  Verb mode for urls, etc.
)
Class scrbook Info: You've told me to redefine the font selection of the
(scrbook)           element `sectioning' that is an alias of element
(scrbook)           `disposition' on input line 59.


Class scrbook Warning: `pagehead' and `pagefoot' are aliases for the same
(scrbook)              font element, changed on input line 66.

(Main.aux (kapitel/titel.aux) (kapitel/abstract.aux)
(kapitel/stichwortverzeichnis.aux) (kapitel/abkuerzungen.aux)
(kapitel/einleitung.aux) (kapitel/kapitel_kommunikation.aux)
(kapitel/kapitel_folgerungundziele.aux) (kapitel/kapitel_sip.aux)
(kapitel/kapitel_recentwork.aux) (kapitel/kapitel_konstruktion.aux

LaTeX Warning: Label `Audio-Proxy' multiply defined.

) (kapitel/kapitel_implementierung.aux) (kapitel/kapitel_network.aux)
(kapitel/kapitel_benchmarking.aux) (kapitel/kapitel_conclusion.aux)
(kapitel/erklaerung.aux))
LaTeX Font Info:    Checking defaults for OML/cmm/m/it on input line 77.
LaTeX Font Info:    ... okay on input line 77.
LaTeX Font Info:    Checking defaults for T1/cmr/m/n on input line 77.
LaTeX Font Info:    ... okay on input line 77.
LaTeX Font Info:    Checking defaults for OT1/cmr/m/n on input line 77.
LaTeX Font Info:    ... okay on input line 77.
LaTeX Font Info:    Checking defaults for OMS/cmsy/m/n on input line 77.
LaTeX Font Info:    ... okay on input line 77.
LaTeX Font Info:    Checking defaults for OMX/cmex/m/n on input line 77.
LaTeX Font Info:    ... okay on input line 77.
LaTeX Font Info:    Checking defaults for U/cmr/m/n on input line 77.
LaTeX Font Info:    ... okay on input line 77.
\c@lstlisting=\count130
LaTeX Info: Redefining \microtypecontext on input line 77.
Package microtype Info: Generating DVI output.
Package microtype Info: Character protrusion enabled (level 2).
Package microtype Info: Using default protrusion set `alltext'.
Package microtype Info: No font expansion.
Package microtype Info: No tracking.
Package microtype Info: No adjustment of interword spacing.
Package microtype Info: No adjustment of character kerning.

("C:\Programme\MiKTeX 2.7\tex\latex\microtype\mt-cmr.cfg"
File: mt-cmr.cfg 2005/11/07 v1.9 microtype config. file: Computer Modern Roman 
(RS)
) (kapitel/titel.tex
File: grafiken/unilogo.eps Graphic file (type eps)

<grafiken/unilogo.eps> [1




]) (kapitel/abstract.tex) [2



] (Main.toc
Class scrbook Info: You've told me to use the font selection of the element
(scrbook)           `sectioning' that is an alias of element `disposition'
(scrbook)            on input line 3.
Class scrbook Info: You've told me to use the font selection of the element
(scrbook)           `sectioning' that is an alias of element `disposition'
(scrbook)            on input line 4.
Class scrbook Info: You've told me to use the font selection of the element
(scrbook)           `sectioning' that is an alias of element `disposition'
(scrbook)            on input line 5.
Class scrbook Info: You've told me to use the font selection of the element
(scrbook)           `sectioning' that is an alias of element `disposition'
(scrbook)            on input line 6.
Class scrbook Info: You've told me to use the font selection of the element
(scrbook)           `sectioning' that is an alias of element `disposition'
(scrbook)            on input line 7.
Class scrbook Info: You've told me to use the font selection of the element
(scrbook)           `sectioning' that is an alias of element `disposition'
(scrbook)            on input line 8.
Class scrbook Info: You've told me to use the font selection of the element
(scrbook)           `sectioning' that is an alias of element `disposition'
(scrbook)            on input line 13.
Class scrbook Info: You've told me to use the font selection of the element
(scrbook)           `sectioning' that is an alias of element `disposition'
(scrbook)            on input line 20.
Class scrbook Info: You've told me to use the font selection of the element
(scrbook)           `sectioning' that is an alias of element `disposition'
(scrbook)            on input line 33.
 [3


]
Class scrbook Info: You've told me to use the font selection of the element
(scrbook)           `sectioning' that is an alias of element `disposition'
(scrbook)            on input line 60.
Class scrbook Info: You've told me to use the font selection of the element
(scrbook)           `sectioning' that is an alias of element `disposition'
(scrbook)            on input line 71.
Class scrbook Info: You've told me to use the font selection of the element
(scrbook)           `sectioning' that is an alias of element `disposition'
(scrbook)            on input line 96.
 [4]
Class scrbook Info: You've told me to use the font selection of the element
(scrbook)           `sectioning' that is an alias of element `disposition'
(scrbook)            on input line 151.

[5]
Class scrbook Info: You've told me to use the font selection of the element
(scrbook)           `sectioning' that is an alias of element `disposition'
(scrbook)            on input line 181.
Class scrbook Info: You've told me to use the font selection of the element
(scrbook)           `sectioning' that is an alias of element `disposition'
(scrbook)            on input line 193.
Class scrbook Info: You've told me to use the font selection of the element
(scrbook)           `sectioning' that is an alias of element `disposition'
(scrbook)            on input line 196.
)
\tf@toc=\write3
 [6] (kapitel/stichwortverzeichnis.tex) [7


] (Main.lof [8


])
\tf@lof=\write4
 [9] (Main.lot)
\tf@lot=\write5

[10

] (kapitel/abkuerzungen.tex [11


]) [12] (kapitel/einleitung.tex
Kapitel 1.

Underfull \hbox (badness 5908) in paragraph at lines 22--22
[][]\OT1/cmr/m/n/9 Blizzard En-ter-tain-ment: World of War-craft User Sta-ti-st
ics, Ver-si-on 15.03.2008,
 []


Overfull \hbox (3.85394pt too wide) in paragraph at lines 24--25
[][]\OT1/cmr/m/n/10.95 Existierende Stu-di-en der computer-vermittelten Text-ko
m-mu-ni-ka-ti-on (Computer-
 []

[1




] [2]
LaTeX Font Info:    Try loading font information for OMS+cmr on input line 45.
 ("C:\Programme\MiKTeX 2.7\tex\latex\base\omscmr.fd"
File: omscmr.fd 1999/05/25 v2.5h Standard LaTeX font definitions
)
LaTeX Font Info:    Font shape `OMS/cmr/m/n' in size <10.95> not available
(Font)              Font shape `OMS/cmsy/m/n' tried instead on input line 45.
 [3] [4]) [5]
(kapitel/kapitel_kommunikation.tex
Kapitel 2.

LaTeX Warning: File `grafiken/kommunikationsmodell-schramm-weaver.eps' not foun
d on input line 15.


! LaTeX Error: File `grafiken/kommunikationsmodell-schramm-weaver.eps' not foun
d.

See the LaTeX manual or LaTeX Companion for explanation.
Type  H <return>  for immediate help.
 ...                                              
                                                  
l.15 ...n/kommunikationsmodell-schramm-weaver.eps}
                                                  
Try typing  <return>  to proceed.
If that doesn't work, type  X <return>  to quit.


! LaTeX Error: Cannot determine size of graphic in grafiken/kommunikationsmodel
l-schramm-weaver.eps (no BoundingBox).

See the LaTeX manual or LaTeX Companion for explanation.
Type  H <return>  for immediate help.
 ...                                              
                                                  
l.15 ...n/kommunikationsmodell-schramm-weaver.eps}
                                                  
Try typing  <return>  to proceed.
If that doesn't work, type  X <return>  to quit.

File: grafiken/kommunikationsmodell-schramm-weaver.eps Graphic file (type eps)
<grafiken/kommunikationsmodell-schramm-weaver.eps> [6



] [7]
File: grafiken/mediarichness.eps Graphic file (type eps)

<grafiken/mediarichness.eps> [8]
File: grafiken/proxemik.eps Graphic file (type eps)
 <grafiken/proxemik.eps>
Underfull \hbox (badness 10000) in paragraph at lines 96--96
[]\OT1/cmr/m/n/10.95 Proxemikmodell mit ei-ner pers[]onlichen, so-zia-len und
 []

) [9] [10] (kapitel/kapitel_folgerungundziele.tex
Kapitel 3.
[11



] [12]
Overfull \hbox (9.64766pt too wide) in paragraph at lines 31--32
\OT1/cmr/m/n/10.95 Text-kom-mu-ni-ka-ti-on einen ho-hen tech-ni-schen Auf-wand 
ben[]otigt, um sie []uberhaupt
 []

[13]
File: grafiken/spielgenredreieck.eps Graphic file (type eps)
 <grafiken/spielgenredreieck.eps> [14]
Overfull \hbox (4.70616pt too wide) in paragraph at lines 66--67
[][]\OT1/cmr/bx/n/10.95 Festnetztelefon\OT1/cmr/m/n/10.95 : Die Sprach[]ubertra
gung kann nur an be-stimm-ten Pl[]atzen
 []

[15]
File: grafiken/singlekanal-kommunikationsmodell.eps Graphic file (type eps)
 <grafiken/singlekanal-kommunikationsmodell.eps> [16]
Overfull \hbox (4.08911pt too wide) in paragraph at lines 99--100
[][]\OT1/cmr/bx/n/10.95 Linear an-stei-gen-der Band-brei-ten-ver-brauch\OT1/cmr
/m/n/10.95 : Da der Au-diostrom
 []

File: grafiken/multi-kommunikationsmodell.eps Graphic file (type eps)
<grafiken/multi-kommunikationsmodell.eps> [17]
Overfull \hbox (11.33716pt too wide) in paragraph at lines 124--125
[][]\OT1/cmr/bx/n/10.95 Quadratisch an-stei-gen-der Band-brei-ten-ver-brauch\OT
1/cmr/m/n/10.95 : Da der Au-diostrom
 []

[18]
File: grafiken/ventrillo.eps Graphic file (type eps)
 <grafiken/ventrillo.eps> [19]

LaTeX Warning: Reference `ventrillo' on page 20 undefined on input line 164.

[20]
File: grafiken/lautstaerke.eps Graphic file (type eps)
 <grafiken/lautstaerke.eps>) [21] [22] (kapitel/kapitel_sip.tex
Kapitel 4.
File: grafiken/voipprotokolle.eps Graphic file (type eps)
<grafiken/voipprotokolle.eps> [23



] [24] [25]
Underfull \hbox (badness 1721) in paragraph at lines 79--80
[]\OT1/cmr/m/n/10.95 keinerlei An-stren-gung zum Verst[]andnis der
 []


Underfull \hbox (badness 10000) in paragraph at lines 79--80
\OT1/cmr/m/n/10.95 Spra-che not-wen-dig; to-ta-le Ent-span-nung
 []

[26] [27]
Overfull \hbox (12.68327pt too wide) in paragraph at lines 168--169
\OT1/cmr/m/n/10.95 Request-Typs z.B. IN-VI-TE, ei-ner \OT1/cmr/m/it/10.95 Reque
st-URI\OT1/cmr/m/n/10.95 (z.B. sip:8495302002@192.168.2.25)
 []

[28]
LaTeX Font Info:    Font shape `OMS/cmr/m/n' in size <10> not available
(Font)              Font shape `OMS/cmsy/m/n' tried instead on input line 181.

Overfull \hbox (0.27795pt too wide) in paragraph at lines 181--182
\OT1/cmr/m/n/10 Nach-richt enth[]alt die SIP-Adresse von bei-den Teil-neh-mern,
 einen Grund(Subject)
 []

[29] [30]
File: grafiken/sipanruf.eps Graphic file (type eps)
 <grafiken/sipanruf.eps>
File: grafiken/sipanrufmitproxy.eps Graphic file (type eps)
 <grafiken/sipanrufmitproxy.eps> [31] [32]
Overfull \hbox (11.02615pt too wide) in paragraph at lines 250--251
[]\OT1/cmr/m/n/10.95 Als In-stant Mes-sa-ging wird im All-ge-mei-nen ein Dienst
 zur so-for-ti-gen []Ubermittlung
 []


Overfull \hbox (5.56209pt too wide) in paragraph at lines 250--251
\OT1/cmr/m/n/10.95 ren vie-le pro-priet[]are Pro-to-kol-le wie IRC(Internet Re-
lay Chat), XMPP(Extensible
 []

File: grafiken/sipmessage.eps Graphic file (type eps)
<grafiken/sipmessage.eps> [33]
File: grafiken/sippresence.eps Graphic file (type eps)
 <grafiken/sippresence.eps> [34] [35] [36]
File: grafiken/rtppaket.eps Graphic file (type eps)

<grafiken/rtppaket.eps> [37] [38] [39]
File: grafiken/stun.eps Graphic file (type eps)
 <grafiken/stun.eps>) [40]
(kapitel/kapitel_recentwork.tex
Kapitel 5.
[41



] [42] [43] [44]) [45] (kapitel/kapitel_konstruktion.tex
Kapitel 6.
[46



]
File: grafiken/entwurf-p2p.eps Graphic file (type eps)
 <grafiken/entwurf-p2p.eps> [47]
File: grafiken/entwurf-server.eps Graphic file (type eps)
 <grafiken/entwurf-server.eps>
Underfull \hbox (badness 3735) in paragraph at lines 54--54
[]\OT1/cmr/m/n/10.95 Client Ser-ver Ar-chi-tek-tur mit zen-tra-lem Misch-ser-ve
r in
 []

[48] [49]
File: grafiken/entwurf-proxy.eps Graphic file (type eps)
 <grafiken/entwurf-proxy.eps> [50]
File: grafiken/entwurf-verteilteserver.eps Graphic file (type eps)

<grafiken/entwurf-verteilteserver.eps> [51] [52]
Underfull \hbox (badness 10000) in paragraph at lines 143--143
[]\OT1/cmr/m/n/10.95 ($\OML/cmm/m/it/10.95 A[]$\OT1/cmr/m/n/10.95 ) Client-
 []


Underfull \hbox (badness 10000) in paragraph at lines 143--143
\OT1/cmr/m/n/10.95 Server
 []


Underfull \hbox (badness 10000) in paragraph at lines 143--143
[]\OT1/cmr/m/n/10.95 ($\OML/cmm/m/it/10.95 A[]$\OT1/cmr/m/n/10.95 ) Ein
 []


Underfull \hbox (badness 10000) in paragraph at lines 143--143
\OT1/cmr/m/n/10.95 Au-dio-ser-ver
 []


Underfull \hbox (badness 10000) in paragraph at lines 143--143
\OT1/cmr/m/n/10.95 und meh-re-re
 []


Underfull \hbox (badness 5924) in paragraph at lines 145--145
[]\OT1/cmr/m/n/10.95 ($\OML/cmm/m/it/10.95 A[]$\OT1/cmr/m/n/10.95 ) Zen-tra-ler

 []


Underfull \hbox (badness 10000) in paragraph at lines 145--145
\OT1/cmr/m/n/10.95 Ser-ver mit
 []


Underfull \hbox (badness 10000) in paragraph at lines 145--145
\OT1/cmr/m/n/10.95 meh-re-ren
 []


Underfull \hbox (badness 10000) in paragraph at lines 145--145
\OT1/cmr/m/n/10.95 de-di-zier-ten
 []


Underfull \hbox (badness 10000) in paragraph at lines 145--145
[]\OT1/cmr/m/n/10.95 ($\OML/cmm/m/it/10.95 A[]$\OT1/cmr/m/n/10.95 )
 []


Underfull \hbox (badness 10000) in paragraph at lines 145--145
\OT1/cmr/m/n/10.95 Su-per-no-des
 []


Underfull \hbox (badness 8038) in paragraph at lines 147--147
\OT1/cmr/m/n/10.95 zen-tra-lem Ser-
 []


Underfull \hbox (badness 10000) in paragraph at lines 147--147
[]\OT1/cmr/m/n/10.95 ($\OML/cmm/m/it/10.95 A[]$\OT1/cmr/m/n/10.95 ) VoIP
 []


Underfull \hbox (badness 10000) in paragraph at lines 147--147
\OT1/cmr/m/n/10.95 mit ver-teil-ten
 []


Underfull \hbox (badness 2213) in paragraph at lines 147--148
[]\OT1/cmr/m/n/10.95 ($\OML/cmm/m/it/10.95 A[]$\OT1/cmr/m/n/10.95 ) Kom-plett
 []


Underfull \hbox (badness 10000) in paragraph at lines 147--148
\OT1/cmr/m/n/10.95 de-zen-tra-le
 []

[53] [54] [55] [56]
Underfull \hbox (badness 10000) in paragraph at lines 226--226
[][]\OT1/cmr/m/n/9 Patentfreies Audio-Kompressions-Format (Xiph OSC) , Ver-si-o
n 22.03.2008,
 []

[57] [58] [59] [60] [61] [62]) [63] (kapitel/kapitel_implementierung.tex
Kapitel 7.
[64



] [65]
Overfull \hbox (10.46275pt too wide) in paragraph at lines 47--48
[][]\OT1/cmr/m/n/10.95 Bei al-len der drei Pro-duk-ten han-delt es sich um ser-
ver-ba-sier-te VoIP-Anwendungen.
 []

[66] [67]
Overfull \hbox (24.97467pt too wide) in paragraph at lines 78--79
[]\OT1/cmr/m/n/10.95 Andere Peer-to-Peer Pro-gram-me wie \OT1/cmr/m/it/10.95 Mi
crosoft-Netmeeting[]\OT1/cmr/m/n/10.95 , \OT1/cmr/m/it/10.95 Microsoft-Messenge
r[]
 []

[68] [69]
Underfull \hbox (badness 10000) in paragraph at lines 111--111
[][]\OT1/cmr/m/n/9 Wikipedia:Overview of SIP Soft-wa-re, Ver-si-on 22.03.2008,
 []


Overfull \hbox (27.70305pt too wide) in paragraph at lines 114--115
[]\OT1/cmr/m/n/10.95 Neben kom-plet-ten Soft-pho-nes exis-tie-ren Plattform-[]u
bergreifende SIP-Protokollstapel,
 []


Overfull \hbox (4.13197pt too wide) in paragraph at lines 126--127
[][]\OT1/cmr/m/n/10.95 Unterst[]utzung mo-der-ner Au-dio-co-decs wie z.B. \OT1/
cmr/m/it/10.95 Spe-ex \OT1/cmr/m/n/10.95 (PJMEDIA-CODEC) 
 []

File: grafiken/pjsip.eps Graphic file (type eps)
<grafiken/pjsip.eps> [70] [71]
File: grafiken/spielewelt-screenshot.eps Graphic file (type eps)
 <grafiken/spielewelt-screenshot.eps> [72]
[73]
File: grafiken/pjsip-mediaflow.eps Graphic file (type eps)
 <grafiken/pjsip-mediaflow.eps> [74] [75]
File: grafiken/conference-bridge.eps Graphic file (type eps)
 <grafiken/conference-bridge.eps>
File: grafiken/gamestart-screenshot.eps Graphic file (type eps)

<grafiken/gamestart-screenshot.eps> [76] [77]
File: grafiken/sipanruf_403.eps Graphic file (type eps)
 <grafiken/sipanruf_403.eps>
[78] [79]
File: grafiken/zonenkonzept2.eps Graphic file (type eps)
 <grafiken/zonenkonzept2.eps> [80] [81]
File: grafiken/siphold.eps Graphic file (type eps)
 <grafiken/siphold.eps>
[82] [83]) [84] [85] (kapitel/kapitel_network.tex
Kapitel 8.
[86



] [87] [88] [89] [90]

Package natbib Warning: Citation `mercury02' on page 91 undefined on input line
 107.

[91] [92] [93] [94] [95] [96]

LaTeX Warning: Reference `p2psipregisterandjoin' on page 97 undefined on input 
line 206.


LaTeX Warning: Reference `p2psipregisterandjoin_user' on page 97 undefined on i
nput line 210.

File: grafiken/p2psipregisterandjoin.eps Graphic file (type eps)
<grafiken/p2psipregisterandjoin.eps>
File: grafiken/p2psipregisterandjoin_user.eps Graphic file (type eps)
 <grafiken/p2psipregisterandjoin_user.eps>

LaTeX Warning: Reference `p2psipcall' on page 97 undefined on input line 227.

[97]
File: grafiken/p2psipcall.eps Graphic file (type eps)
 <grafiken/p2psipcall.eps> [98]) [99] (kapitel/kapitel_benchmarking.tex
Kapitel 9.
File: grafiken/fullmesh.eps Graphic file (type eps)
<grafiken/fullmesh.eps>
File: grafiken/fullmeshchart.eps Graphic file (type eps)
 <grafiken/fullmeshchart.eps> [100



]
File: grafiken/partialmesh.eps Graphic file (type eps)

<grafiken/partialmesh.eps>
File: grafiken/partialmeshchart.eps Graphic file (type eps)
 <grafiken/partialmeshchart.eps>
File: grafiken/fullmesh-worstcase.eps Graphic file (type eps)

<grafiken/fullmesh-worstcase.eps> [101]
File: grafiken/ohnevpn1.eps Graphic file (type eps)
 <grafiken/ohnevpn1.eps>
File: grafiken/ohnevpn2.eps Graphic file (type eps)

<grafiken/ohnevpn2.eps>
File: grafiken/mitvadupdown.eps Graphic file (type eps)
 <grafiken/mitvadupdown.eps> [102]
File: grafiken/mitvadrtpsip.eps Graphic file (type eps)

<grafiken/mitvadrtpsip.eps>
File: grafiken/mitholdupanddown.eps Graphic file (type eps)
 <grafiken/mitholdupanddown.eps>
File: grafiken/mithold1.eps Graphic file (type eps)

<grafiken/mithold1.eps> [103]
File: grafiken/mitvadund2codecs.eps Graphic file (type eps)
 <grafiken/mitvadund2codecs.eps>
File: grafiken/mitvadundrtpsip.eps Graphic file (type eps)

<grafiken/mitvadundrtpsip.eps>) [104] [105] [106] [107] [108] [109]
(kapitel/kapitel_conclusion.tex
Kapitel 10.
[110



]
Overfull \hbox (5.86505pt too wide) in paragraph at lines 23--24
[][]\OT1/cmr/m/n/10.95 Das in die-ser Ar-beit vor-ge-stell-te Kon-zept greift v
ie-le bis-he-ri-ge Un-zul[]anglichkeiten
 []

[111]
Overfull \hbox (6.23001pt too wide) in paragraph at lines 29--30
[][]\OT1/cmr/m/n/10.95 Obwohl zwar meh-re-re Sprach-kom-mu-ni-ka-ti-onsl[]osung
en auf Ba-sis von pro-pri[]ateren
 []

[112]) [113] (Main.bbl [114



]
Underfull \hbox (badness 10000) in paragraph at lines 141--147
[][]\OT1/cmr/m/sc/10.95 Ernst&Young\OT1/cmr/m/n/10.95 :  Di-gi-ta-le Spie-le in
 Deutsch-land.  In:
 []


Underfull \hbox (badness 10000) in paragraph at lines 141--147
\OT1/cmr/m/it/10.95 http://www.ey.com/global/content.nsf/Germany/Publikationen[
]-
 []

[115]
Underfull \hbox (badness 1102) in paragraph at lines 251--258
[][]\OT1/cmr/m/sc/10.95 Ipoque\OT1/cmr/m/n/10.95 :  In-ter-net Stu-die 2007: Au
s-wir-kun-gen von P2P-Filesharing,
 []


Overfull \hbox (10.20546pt too wide) in paragraph at lines 251--258
\OT1/cmr/m/it/10.95 http://www.ipoque.com/news[]&[]events/internet[]studies/int
ernet[]study[]2007
 []

[116]
Underfull \hbox (badness 10000) in paragraph at lines 369--373
[][]\OT1/cmr/m/sc/10.95 Postel\OT1/cmr/m/n/10.95 , J.:  User Da-ta-gram Pro-to-
col.  In:
 []

[117]
Underfull \hbox (badness 10000) in paragraph at lines 418--422
[][]\OT1/cmr/m/sc/10.95 Reichswald\OT1/cmr/m/n/10.95 , R. ; \OT1/cmr/m/sc/10.95
 M[]oslein\OT1/cmr/m/n/10.95 , K. ; \OT1/cmr/m/sc/10.95 Sa-chen-ba-che-rand\OT1
/cmr/m/n/10.95 , K. ;
 []


Underfull \hbox (badness 10000) in paragraph at lines 418--422
\OT1/cmr/m/sc/10.95 H.Engelberger\OT1/cmr/m/n/10.95 :  \OT1/cmr/m/it/10.95 Te-l
e-ko-ope-ra-ti-on - Verteilte- Ar-beits und
 []

[118]
Underfull \hbox (badness 3601) in paragraph at lines 537--542
[][]\OT1/cmr/m/sc/10.95 Schulzrinne\OT1/cmr/m/n/10.95 , H. ; \OT1/cmr/m/sc/10.9
5 Cas-ner\OT1/cmr/m/n/10.95 , S. ; \OT1/cmr/m/sc/10.95 Fre-de-rick\OT1/cmr/m/n/
10.95 , R. ; \OT1/cmr/m/sc/10.95 Ja-cob-son\OT1/cmr/m/n/10.95 ,
 []


Underfull \hbox (badness 1067) in paragraph at lines 537--542
\OT1/cmr/m/n/10.95 V.:  RTP: A Trans-port Pro-to-col for Real-Time Ap-p-li-ca-t
i-ons.  In:
 []

[119] [120]) [121] (kapitel/erklaerung.tex) [122


]

Package natbib Warning: There were undefined citations.

(Main.aux (kapitel/titel.aux) (kapitel/abstract.aux)
(kapitel/stichwortverzeichnis.aux) (kapitel/abkuerzungen.aux)
(kapitel/einleitung.aux) (kapitel/kapitel_kommunikation.aux)
(kapitel/kapitel_folgerungundziele.aux) (kapitel/kapitel_sip.aux)
(kapitel/kapitel_recentwork.aux) (kapitel/kapitel_konstruktion.aux)
(kapitel/kapitel_implementierung.aux) (kapitel/kapitel_network.aux)
(kapitel/kapitel_benchmarking.aux) (kapitel/kapitel_conclusion.aux)
(kapitel/erklaerung.aux))

LaTeX Warning: There were undefined references.


LaTeX Warning: There were multiply-defined labels.

 ) 
Here is how much of TeX's memory you used:
 6714 strings out of 95338
 96060 string characters out of 1184228
 211510 words of memory out of 1500000
 9671 multiletter control sequences out of 110000
 11820 words of font info for 42 fonts, out of 1200000 for 2000
 14 hyphenation exceptions out of 8191
 38i,11n,46p,1418b,1101s stack positions out of 5000i,500n,10000p,200000b,5000s

Output written on Main.dvi (134 pages, 495024 bytes).
