This is pdfTeX, Version 3.141592-1.40.4 (MiKTeX 2.7 Beta 5) (preloaded format=latex 2008.3.16)  1 JUN 2008 21:42
entering extended mode
**Main.tex
(Main.tex
LaTeX2e <2005/12/01>
Babel <v3.8h> and hyphenation patterns for english, dumylang, nohyphenation, ge
rman, ngerman, french, loaded.
("D:\Programme\MiKTeX 2.7\tex\latex\koma-script\scrbook.cls"
Document Class: scrbook 2007/12/24 v2.98 KOMA-Script document class (book)
("D:\Programme\MiKTeX 2.7\tex\latex\koma-script\scrkbase.sty"
Package: scrkbase 2007/12/24 v2.98 KOMA-Script package (basics and keyval use)

("D:\Programme\MiKTeX 2.7\tex\latex\graphics\keyval.sty"
Package: keyval 1999/03/16 v1.13 key=value parser (DPC)
\KV@toks@=\toks14
)
("D:\Programme\MiKTeX 2.7\tex\latex\koma-script\scrlfile.sty"
Package: scrlfile 2007/12/18 v2.98 KOMA-Script package (loading files)

Package scrlfile, 2007/12/18 v2.98 KOMA-Script package (loading files)
                  Copyright (C) Markus Kohm

))
Package scrkbase Info: You've used obsolete option `oneside'.
(scrkbase)             \KOMAExecuteOptions{twoside=false} will be
(scrkbase)             used instead.
(scrkbase)             You may simply replace `oneside'
(scrkbase)             by `twoside=false'.
Package scrkbase Info: You've used obsolete option `12pt'.
(scrkbase)             \KOMAExecuteOptions{fontsize=12pt} will be
(scrkbase)             used instead.
(scrkbase)             You may simply replace `12pt'
(scrkbase)             by `fontsize=12pt'.
Class scrbook Info: File `bk12.clo' used to setup font sizes on input line 953.

 ("D:\Programme\MiKTeX 2.7\tex\latex\base\bk12.clo"
File: bk12.clo 2005/09/16 v1.4f Standard LaTeX file (size option)
)
("D:\Programme\MiKTeX 2.7\tex\latex\koma-script\typearea.sty"
Package: typearea 2007/12/24 v2.98 KOMA-Script package (type area)

Package typearea, 2007/12/24 v2.98 KOMA-Script package (type area)
                  Copyright (C) Frank Neukam, 1992-1994
                  Copyright (C) Markus Kohm, 1994-

\ta@bcor=\skip41
\ta@div=\count79
Package scrkbase Info: You've used obsolete option `oneside'.
(scrkbase)             \KOMAExecuteOptions{twoside=false} will be
(scrkbase)             used instead.
(scrkbase)             You may simply replace `oneside'
(scrkbase)             by `twoside=false'.
\ta@hblk=\skip42
\ta@vblk=\skip43
\ta@temp=\skip44
Package typearea Info: These are the values describing the layout:
(typearea)             DIV  = 12
(typearea)             BCOR = 0.0pt
(typearea)             \paperwidth      = 597.50793pt
(typearea)              \textwidth      = 448.13095pt
(typearea)              DIV-departure   = -6/100
(typearea)              \evensidemargin = 2.4185pt
(typearea)              \oddsidemargin  = 2.4185pt
(typearea)             \paperheight     = 845.04694pt
(typearea)              \textheight     = 606.5pt
(typearea)              \topmargin      = -1.84941pt
(typearea)              \headheight     = 18.125pt
(typearea)              \headsep        = 21.75pt
(typearea)              \topskip        = 12.0pt
(typearea)              \footskip       = 50.75pt
(typearea)              \baselineskip   = 14.5pt
(typearea)              on input line 906.
)
\c@part=\count80
\c@chapter=\count81
\c@section=\count82
\c@subsection=\count83
\c@subsubsection=\count84
\c@paragraph=\count85
\c@subparagraph=\count86
\abovecaptionskip=\skip45
\belowcaptionskip=\skip46
\c@pti@nb@sid@b@x=\box26
\c@figure=\count87
\c@table=\count88
\bibindent=\dimen102
) ("D:\Programme\MiKTeX 2.7\tex\latex\ntgclass\a4.sty"
Package: a4 2004/04/15 v1.2g A4 based page layout
)
("D:\Programme\MiKTeX 2.7\tex\generic\babel\babel.sty"
Package: babel 2005/11/23 v3.8h The Babel package

*************************************
* Local config file bblopts.cfg used
*
("D:\Programme\MiKTeX 2.7\tex\latex\00miktex\bblopts.cfg"
File: bblopts.cfg 2006/07/31 v1.0 MiKTeX 'babel' configuration
)
("D:\Programme\MiKTeX 2.7\tex\generic\babel\ngermanb.ldf"
Language: ngermanb 2004/02/20 v2.6m new German support from the babel system

("D:\Programme\MiKTeX 2.7\tex\generic\babel\babel.def"
File: babel.def 2005/11/23 v3.8h Babel common definitions
\babel@savecnt=\count89
\U@D=\dimen103
)
\l@naustrian = a dialect from \language\l@ngerman 
Package babel Info: Making " an active character on input line 92.
)
("D:\Programme\MiKTeX 2.7\tex\generic\babel\english.ldf"
Language: english 2005/03/30 v3.3o English support from the babel system
\l@british = a dialect from \language\l@english 
\l@UKenglish = a dialect from \language\l@english 
\l@canadian = a dialect from \language\l@american 
\l@australian = a dialect from \language\l@british 
\l@newzealand = a dialect from \language\l@british 
))
("D:\Programme\MiKTeX 2.7\tex\latex\base\inputenc.sty"
Package: inputenc 2006/05/05 v1.1b Input encoding file
\inpenc@prehook=\toks15
\inpenc@posthook=\toks16

("D:\Programme\MiKTeX 2.7\tex\latex\base\ansinew.def"
File: ansinew.def 2006/05/05 v1.1b Input encoding file
))
("D:\Programme\MiKTeX 2.7\tex\latex\amsmath\amsmath.sty"
Package: amsmath 2000/07/18 v2.13 AMS math features
\@mathmargin=\skip47

For additional information on amsmath, use the `?' option.
("D:\Programme\MiKTeX 2.7\tex\latex\amsmath\amstext.sty"
Package: amstext 2000/06/29 v2.01

("D:\Programme\MiKTeX 2.7\tex\latex\amsmath\amsgen.sty"
File: amsgen.sty 1999/11/30 v2.0
\@emptytoks=\toks17
\ex@=\dimen104
))
("D:\Programme\MiKTeX 2.7\tex\latex\amsmath\amsbsy.sty"
Package: amsbsy 1999/11/29 v1.2d
\pmbraise@=\dimen105
)
("D:\Programme\MiKTeX 2.7\tex\latex\amsmath\amsopn.sty"
Package: amsopn 1999/12/14 v2.01 operator names
)
\inf@bad=\count90
LaTeX Info: Redefining \frac on input line 211.
\uproot@=\count91
\leftroot@=\count92
LaTeX Info: Redefining \overline on input line 307.
\classnum@=\count93
\DOTSCASE@=\count94
LaTeX Info: Redefining \ldots on input line 379.
LaTeX Info: Redefining \dots on input line 382.
LaTeX Info: Redefining \cdots on input line 467.
\Mathstrutbox@=\box27
\strutbox@=\box28
\big@size=\dimen106
LaTeX Font Info:    Redeclaring font encoding OML on input line 567.
LaTeX Font Info:    Redeclaring font encoding OMS on input line 568.
\macc@depth=\count95
\c@MaxMatrixCols=\count96
\dotsspace@=\muskip10
\c@parentequation=\count97
\dspbrk@lvl=\count98
\tag@help=\toks18
\row@=\count99
\column@=\count100
\maxfields@=\count101
\andhelp@=\toks19
\eqnshift@=\dimen107
\alignsep@=\dimen108
\tagshift@=\dimen109
\tagwidth@=\dimen110
\totwidth@=\dimen111
\lineht@=\dimen112
\@envbody=\toks20
\multlinegap=\skip48
\multlinetaggap=\skip49
\mathdisplay@stack=\toks21
LaTeX Info: Redefining \[ on input line 2666.
LaTeX Info: Redefining \] on input line 2667.
)
("D:\Programme\MiKTeX 2.7\tex\latex\subfigure\subfigure.sty"
Package: subfigure 2002/07/30 v2.1.4 subfigure package
\subfigtopskip=\skip50
\subfigcapskip=\skip51
\subfigcaptopadj=\dimen113
\subfigbottomskip=\skip52
\subfigcapmargin=\dimen114
\subfiglabelskip=\skip53
\c@subfigure=\count102
\c@lofdepth=\count103
\c@subtable=\count104
\c@lotdepth=\count105

****************************************
* Local config file subfigure.cfg used *
****************************************
("D:\Programme\MiKTeX 2.7\tex\latex\subfigure\subfigure.cfg")
\subfig@top=\skip54
\subfig@bottom=\skip55
)
("D:\Programme\MiKTeX 2.7\tex\latex\graphics\epsfig.sty"
Package: epsfig 1999/02/16 v1.7a (e)psfig emulation (SPQR)

("D:\Programme\MiKTeX 2.7\tex\latex\graphics\graphicx.sty"
Package: graphicx 1999/02/16 v1.0f Enhanced LaTeX Graphics (DPC,SPQR)

("D:\Programme\MiKTeX 2.7\tex\latex\graphics\graphics.sty"
Package: graphics 2006/02/20 v1.0o Standard LaTeX Graphics (DPC,SPQR)

("D:\Programme\MiKTeX 2.7\tex\latex\graphics\trig.sty"
Package: trig 1999/03/16 v1.09 sin cos tan (DPC)
)
("D:\Programme\MiKTeX 2.7\tex\latex\00miktex\graphics.cfg"
File: graphics.cfg 2007/01/18 v1.5 graphics configuration of teTeX/TeXLive
)
Package graphics Info: Driver file: dvips.def on input line 90.

("D:\Programme\MiKTeX 2.7\tex\latex\graphics\dvips.def"
File: dvips.def 1999/02/16 v3.0i Driver-dependant file (DPC,SPQR)
))
\Gin@req@height=\dimen115
\Gin@req@width=\dimen116
)
\epsfxsize=\dimen117
\epsfysize=\dimen118
)
("D:\Programme\MiKTeX 2.7\tex\latex\multirow\multirow.sty"
\bigstrutjot=\dimen119
)
("D:\Programme\MiKTeX 2.7\tex\latex\ltxmisc\framed.sty"
Package: framed 2003/07/21 v 0.8a: framed or shaded text with page breaks
\FrameRule=\dimen120
\FrameSep=\dimen121
)
("D:\Programme\MiKTeX 2.7\tex\latex\koma-script\scrpage2.sty"
Package: scrpage2 2007/07/23 v2.2e LaTeX2e KOMA-Script package
LaTeX Info: Redefining \pagemark on input line 147.
)
("D:\Programme\MiKTeX 2.7\tex\latex\natbib\natbib.sty"
Package: natbib 2007/10/30 8.1 (PWD)
\bibhang=\skip56
\bibsep=\skip57
LaTeX Info: Redefining \cite on input line 602.
\c@NAT@ctr=\count106
)
("D:\Programme\MiKTeX 2.7\tex\latex\listings\listings.sty"
\lst@mode=\count107
\lst@gtempboxa=\box29
\lst@token=\toks22
\lst@length=\count108
\lst@currlwidth=\dimen122
\lst@column=\count109
\lst@pos=\count110
\lst@lostspace=\dimen123
\lst@width=\dimen124
\lst@newlines=\count111
\lst@lineno=\count112
\lst@maxwidth=\dimen125

("D:\Programme\MiKTeX 2.7\tex\latex\listings\lstmisc.sty"
File: lstmisc.sty 2007/02/22 1.4 (Carsten Heinz)
\c@lstnumber=\count113
\lst@skipnumbers=\count114
\lst@framebox=\box30
)
("D:\Programme\MiKTeX 2.7\tex\latex\listings\listings.cfg"
File: listings.cfg 2007/02/22 1.4 listings configuration
))
Package: listings 2007/02/22 1.4 (Carsten Heinz)

("D:\Programme\MiKTeX 2.7\tex\latex\setspace\setspace.sty"
Package: setspace 2000/12/01 6.7 Contributed and Supported LaTeX2e package

Package: `setspace' 6.7 <2000/12/01>
) ("D:\Programme\MiKTeX 2.7\tex\latex\booktabs\booktabs.sty"
Package: booktabs 2005/04/14 v1.61803 publication quality tables
\heavyrulewidth=\dimen126
\lightrulewidth=\dimen127
\cmidrulewidth=\dimen128
\belowrulesep=\dimen129
\belowbottomsep=\dimen130
\aboverulesep=\dimen131
\abovetopsep=\dimen132
\cmidrulesep=\dimen133
\cmidrulekern=\dimen134
\defaultaddspace=\dimen135
\@cmidla=\count115
\@cmidlb=\count116
\@aboverulesep=\dimen136
\@belowrulesep=\dimen137
\@thisruleclass=\count117
\@lastruleclass=\count118
\@thisrulewidth=\dimen138
)
("D:\Programme\MiKTeX 2.7\tex\latex\microtype\microtype.sty"
Package: microtype 2008/02/29 v2.3a Micro-typography with pdfTeX (RS)
\MT@toks=\toks23
\MT@count=\count119
LaTeX Info: Redefining \lsstyle on input line 1542.
LaTeX Info: Redefining \lslig on input line 1542.
\MT@outer@space=\skip58
LaTeX Info: Redefining \textls on input line 1543.
\MT@outer@kern=\dimen139
LaTeX Info: Redefining \textmicrotypecontext on input line 2070.
Package microtype Info: Loading configuration file microtype.cfg.

("D:\Programme\MiKTeX 2.7\tex\latex\microtype\microtype.cfg"
File: microtype.cfg 2008/02/29 v2.3a microtype main configuration file (RS)
))
("D:\Programme\MiKTeX 2.7\tex\latex\picinpar\picinpar.sty"
Pictures in Paragraphs. Version 1.2a, July 13, 1993
\br=\count120
\bl=\count121
\na=\count122
\nb=\count123
\tcdsav=\count124
\tcl=\count125
\tcd=\count126
\tcn=\count127
\cumtcl=\count128
\cumpartcl=\count129
\lftside=\dimen140
\rtside=\dimen141
\hpic=\dimen142
\vpic=\dimen143
\strutilg=\dimen144
\picwd=\dimen145
\topheight=\dimen146
\ilg=\dimen147
\lpic=\dimen148
\lwindowsep=\dimen149
\rwindowsep=\dimen150
\cumpar=\dimen151
\twa=\toks24
\la=\toks25
\ra=\toks26
\ha=\toks27
\pictoc=\toks28
\rawtext=\box31
\holder=\box32
\windowbox=\box33
\wartext=\box34
\finaltext=\box35
\aslice=\box36
\bslice=\box37
\wbox=\box38
\wstrutbox=\box39
\picbox=\box40
\waslice=\box41
\wbslice=\box42
\fslice=\box43
) ("D:\Programme\MiKTeX 2.7\tex\latex\ltxmisc\url.sty"
\Urlmuskip=\muskip11
Package: url 2005/06/27  ver 3.2  Verb mode for urls, etc.
)
Class scrbook Info: You've told me to redefine the font selection of the
(scrbook)           element `sectioning' that is an alias of element
(scrbook)           `disposition' on input line 52.


Class scrbook Warning: `pagehead' and `pagefoot' are aliases for the same
(scrbook)              font element, changed on input line 59.

(Main.aux (kapitel/titel.aux) (kapitel/abstract.aux)
(kapitel/stichwortverzeichnis.aux) (kapitel/abkuerzungen.aux)
(kapitel/einleitung.aux) (kapitel/kapitel_kommunikation.aux)
(kapitel/kapitel_folgerungundziele.aux) (kapitel/kapitel_sip.aux)
(kapitel/kapitel_recentwork.aux) (kapitel/kapitel_konstruktion.aux

LaTeX Warning: Label `Audio-Proxy' multiply defined.


LaTeX Warning: Label `Audio-Proxy' multiply defined.


LaTeX Warning: Label `proxemikalssteuerungvonkonferenzen' multiply defined.

) (kapitel/kapitel_implementierung.aux) (kapitel/kapitel_network.aux)
(kapitel/kapitel_benchmarking.aux) (kapitel/kapitel_conclusion.aux)
(kapitel/erklaerung.aux))
LaTeX Font Info:    Checking defaults for OML/cmm/m/it on input line 70.
LaTeX Font Info:    ... okay on input line 70.
LaTeX Font Info:    Checking defaults for T1/cmr/m/n on input line 70.
LaTeX Font Info:    ... okay on input line 70.
LaTeX Font Info:    Checking defaults for OT1/cmr/m/n on input line 70.
LaTeX Font Info:    ... okay on input line 70.
LaTeX Font Info:    Checking defaults for OMS/cmsy/m/n on input line 70.
LaTeX Font Info:    ... okay on input line 70.
LaTeX Font Info:    Checking defaults for OMX/cmex/m/n on input line 70.
LaTeX Font Info:    ... okay on input line 70.
LaTeX Font Info:    Checking defaults for U/cmr/m/n on input line 70.
LaTeX Font Info:    ... okay on input line 70.
\c@lstlisting=\count130
LaTeX Info: Redefining \microtypecontext on input line 70.
Package microtype Info: Generating DVI output.
Package microtype Info: Character protrusion enabled (level 2).
Package microtype Info: Using default protrusion set `alltext'.
Package microtype Info: No font expansion.
Package microtype Info: No tracking.
Package microtype Info: No adjustment of interword spacing.
Package microtype Info: No adjustment of character kerning.

("D:\Programme\MiKTeX 2.7\tex\latex\microtype\mt-cmr.cfg"
File: mt-cmr.cfg 2008/02/29 v1.9a microtype config. file: Computer Modern Roman
 (RS)
) (kapitel/titel.tex
File: grafiken/unilogo.eps Graphic file (type eps)

<grafiken/unilogo.eps> [1




]) (kapitel/abstract.tex) [2



] (Main.toc
Class scrbook Info: You've told me to use the font selection of the element
(scrbook)           `sectioning' that is an alias of element `disposition'
(scrbook)            on input line 3.
Class scrbook Info: You've told me to use the font selection of the element
(scrbook)           `sectioning' that is an alias of element `disposition'
(scrbook)            on input line 4.
Class scrbook Info: You've told me to use the font selection of the element
(scrbook)           `sectioning' that is an alias of element `disposition'
(scrbook)            on input line 5.
Class scrbook Info: You've told me to use the font selection of the element
(scrbook)           `sectioning' that is an alias of element `disposition'
(scrbook)            on input line 6.
Class scrbook Info: You've told me to use the font selection of the element
(scrbook)           `sectioning' that is an alias of element `disposition'
(scrbook)            on input line 7.
Class scrbook Info: You've told me to use the font selection of the element
(scrbook)           `sectioning' that is an alias of element `disposition'
(scrbook)            on input line 8.
Class scrbook Info: You've told me to use the font selection of the element
(scrbook)           `sectioning' that is an alias of element `disposition'
(scrbook)            on input line 14.
Class scrbook Info: You've told me to use the font selection of the element
(scrbook)           `sectioning' that is an alias of element `disposition'
(scrbook)            on input line 36.
Class scrbook Info: You've told me to use the font selection of the element
(scrbook)           `sectioning' that is an alias of element `disposition'
(scrbook)            on input line 43.
 [3


]
Class scrbook Info: You've told me to use the font selection of the element
(scrbook)           `sectioning' that is an alias of element `disposition'
(scrbook)            on input line 70.
Class scrbook Info: You've told me to use the font selection of the element
(scrbook)           `sectioning' that is an alias of element `disposition'
(scrbook)            on input line 81.
 [4]
Class scrbook Info: You've told me to use the font selection of the element
(scrbook)           `sectioning' that is an alias of element `disposition'
(scrbook)            on input line 106.
Class scrbook Info: You've told me to use the font selection of the element
(scrbook)           `sectioning' that is an alias of element `disposition'
(scrbook)            on input line 161.

[5]
Class scrbook Info: You've told me to use the font selection of the element
(scrbook)           `sectioning' that is an alias of element `disposition'
(scrbook)            on input line 191.
Class scrbook Info: You've told me to use the font selection of the element
(scrbook)           `sectioning' that is an alias of element `disposition'
(scrbook)            on input line 203.
Class scrbook Info: You've told me to use the font selection of the element
(scrbook)           `sectioning' that is an alias of element `disposition'
(scrbook)            on input line 206.
)
\tf@toc=\write3
 [6] (kapitel/stichwortverzeichnis.tex) [7


] (Main.lof
Overfull \hbox (2.42392pt too wide) in paragraph at lines 29--29
 [][][] []\OT1/cmr/m/n/12 Peer-to-Peer-Architektur mit di-rek-ten Au-dio-ver-bi
n-dun-gen der Spie- 
 []

[8


])
\tf@lof=\write4
 [9] (Main.lot)
\tf@lot=\write5
 [10

] (kapitel/abkuerzungen.tex [11


]) [12]
(kapitel/einleitung.tex
Kapitel 1.

Underfull \hbox (badness 8056) in paragraph at lines 14--14
[][]\OT1/cmr/m/n/10 Blizzard En-ter-tain-ment: World of War-craft User Sta-ti-s
tics, Ver-si-on 15.03.2008,
 []

[1




] [2]
LaTeX Font Info:    Try loading font information for OMS+cmr on input line 40.
 ("D:\Programme\MiKTeX 2.7\tex\latex\base\omscmr.fd"
File: omscmr.fd 1999/05/25 v2.5h Standard LaTeX font definitions
)
LaTeX Font Info:    Font shape `OMS/cmr/m/n' in size <12> not available
(Font)              Font shape `OMS/cmsy/m/n' tried instead on input line 40.
 [3] [4] [5])
[6] (kapitel/kapitel_kommunikation.tex
Kapitel 2.
File: grafiken/kommunikationsmodell.eps Graphic file (type eps)
<grafiken/kommunikationsmodell.eps> [7



] [8]
File: grafiken/kommunikationsmodell-schramm2.eps Graphic file (type eps)

<grafiken/kommunikationsmodell-schramm2.eps> [9]
File: grafiken/mediarichness.eps Graphic file (type eps)
 <grafiken/mediarichness.eps>
[10] [11]
File: grafiken/proxemik.eps Graphic file (type eps)
 <grafiken/proxemik.eps> [12] [13]
File: grafiken/spielgenredreieck.eps Graphic file (type eps)
 <grafiken/spielgenredreieck.eps>
[14] [15] [16] [17] [18] [19] [20] [21]) [22]
(kapitel/kapitel_folgerungundziele.tex
Kapitel 3.
[23



] [24]
File: grafiken/singlekanal-kommunikationsmodell.eps Graphic file (type eps)
 <grafiken/singlekanal-kommunikationsmodell.eps> [25]
File: grafiken/multi-kommunikationsmodell.eps Graphic file (type eps)

<grafiken/multi-kommunikationsmodell.eps> [26]
Overfull \hbox (2.74852pt too wide) in paragraph at lines 83--84
[][]\OT1/cmr/bx/n/12 Quadratisch an-stei-gen-der Band-brei-ten-ver-brauch\OT1/c
mr/m/n/12 : Da der Au-diostrom
 []

[27]
File: grafiken/ventrillo.eps Graphic file (type eps)
 <grafiken/ventrillo.eps> [28]

LaTeX Warning: Reference `ventrillo' on page 29 undefined on input line 153.

[29] [30]
File: grafiken/lautstaerke.eps Graphic file (type eps)
 <grafiken/lautstaerke.eps>) [31] (kapitel/kapitel_sip.tex
Kapitel 4.
[32



]
File: grafiken/voipprotokolle.eps Graphic file (type eps)
 <grafiken/voipprotokolle.eps> [33] [34] [35] [36] [37]
Overfull \hbox (4.84186pt too wide) in paragraph at lines 168--169
\OT1/cmr/m/n/12 Request-Typs z.B. IN-VI-TE, ei-ner \OT1/cmr/m/it/12 Request-URI
\OT1/cmr/m/n/12 (z.B. sip:8495302002@192.168.2.25)
 []

[38]
LaTeX Font Info:    Font shape `OMS/cmr/m/n' in size <10.95> not available
(Font)              Font shape `OMS/cmsy/m/n' tried instead on input line 181.
 [39]
File: grafiken/sipanruf.eps Graphic file (type eps)
 <grafiken/sipanruf.eps> [40]
File: grafiken/sipanrufmitproxy.eps Graphic file (type eps)
 <grafiken/sipanrufmitproxy.eps> [41]
Overfull \hbox (2.99442pt too wide) in paragraph at lines 250--251
[]\OT1/cmr/m/n/12 Als In-stant Mes-sa-ging wird im All-ge-mei-nen ein Dienst zu
r so-for-ti-gen []Ubermittlung
 []

File: grafiken/sipmessage.eps Graphic file (type eps)
<grafiken/sipmessage.eps> [42]
File: grafiken/sippresence.eps Graphic file (type eps)
 <grafiken/sippresence.eps> [43] [44]
File: grafiken/rtppaket.eps Graphic file (type eps)

<grafiken/rtppaket.eps>
Overfull \hbox (2.68419pt too wide) in paragraph at lines 360--361
[][]\OT1/cmr/m/n/12 CSRC(\OT1/cmr/m/it/12 Contributing Sour-ce Iden-ti-fier\OT1
/cmr/m/n/12 ): Wird op-tio-nal ver-wen-det und enth[]alt
 []

[45] [46] [47]
File: grafiken/stun.eps Graphic file (type eps)
 <grafiken/stun.eps>) [48] [49] [50] [51]
(kapitel/kapitel_recentwork.tex
Kapitel 5.
[52



] [53] [54] [55]) [56] (kapitel/kapitel_konstruktion.tex
Kapitel 6.
[57



] [58]
File: grafiken/entwurf-p2p.eps Graphic file (type eps)
 <grafiken/entwurf-p2p.eps> [59]
File: grafiken/entwurf-server.eps Graphic file (type eps)
 <grafiken/entwurf-server.eps>
Underfull \hbox (badness 6910) in paragraph at lines 54--54
[]\OT1/cmr/m/n/12 Client Ser-ver Ar-chi-tek-tur mit zen-tra-lem Misch-ser-ver i
n
 []

[60]
File: grafiken/entwurf-proxy.eps Graphic file (type eps)
 <grafiken/entwurf-proxy.eps> [61]
File: grafiken/entwurf-verteilteserver.eps Graphic file (type eps)
 <grafiken/entwurf-verteilteserver.eps>
[62] [63]
Underfull \hbox (badness 10000) in paragraph at lines 141--141
[]\OT1/cmr/m/n/12 ($\OML/cmm/m/it/12 A[]$\OT1/cmr/m/n/12 ) Client-
 []


Underfull \hbox (badness 10000) in paragraph at lines 141--141
\OT1/cmr/m/n/12 Server
 []


Underfull \hbox (badness 10000) in paragraph at lines 141--141
[]\OT1/cmr/m/n/12 ($\OML/cmm/m/it/12 A[]$\OT1/cmr/m/n/12 ) Ein
 []


Underfull \hbox (badness 10000) in paragraph at lines 141--141
\OT1/cmr/m/n/12 Au-dio-ser-ver
 []


Underfull \hbox (badness 10000) in paragraph at lines 141--141
\OT1/cmr/m/n/12 und meh-re-re
 []


Underfull \hbox (badness 10000) in paragraph at lines 143--143
[]\OT1/cmr/m/n/12 ($\OML/cmm/m/it/12 A[]$\OT1/cmr/m/n/12 ) Zen-tra-ler
 []


Underfull \hbox (badness 10000) in paragraph at lines 143--143
\OT1/cmr/m/n/12 Ser-ver mit
 []


Underfull \hbox (badness 10000) in paragraph at lines 143--143
\OT1/cmr/m/n/12 meh-re-ren
 []


Underfull \hbox (badness 10000) in paragraph at lines 143--143
\OT1/cmr/m/n/12 de-di-zier-ten
 []


Underfull \hbox (badness 10000) in paragraph at lines 143--143
[]\OT1/cmr/m/n/12 ($\OML/cmm/m/it/12 A[]$\OT1/cmr/m/n/12 ) Su-per-no-
 []


Underfull \hbox (badness 1755) in paragraph at lines 143--144
[]\OT1/cmr/m/n/12 ($\OML/cmm/m/it/12 A[]$\OT1/cmr/m/n/12 ) De-di-zier-te
 []


Underfull \hbox (badness 10000) in paragraph at lines 145--145
[]\OT1/cmr/m/n/12 ($\OML/cmm/m/it/12 A[]$\OT1/cmr/m/n/12 ) VoIP
 []


Underfull \hbox (badness 10000) in paragraph at lines 145--145
\OT1/cmr/m/n/12 mit zen-tra-lem
 []


Underfull \hbox (badness 10000) in paragraph at lines 145--145
[]\OT1/cmr/m/n/12 ($\OML/cmm/m/it/12 A[]$\OT1/cmr/m/n/12 ) VoIP
 []


Underfull \hbox (badness 10000) in paragraph at lines 145--145
\OT1/cmr/m/n/12 mit ver-teil-ten
 []


Underfull \hbox (badness 8189) in paragraph at lines 145--146
[]\OT1/cmr/m/n/12 ($\OML/cmm/m/it/12 A[]$\OT1/cmr/m/n/12 ) Kom-plett
 []


Underfull \hbox (badness 10000) in paragraph at lines 145--146
\OT1/cmr/m/n/12 de-zen-tra-le
 []

[64] [65] [66] [67] [68] [69] [70] [71] [72] [73] [74]) [75]
(kapitel/kapitel_implementierung.tex
Kapitel 7.
[76



] [77]
Overfull \hbox (2.32884pt too wide) in paragraph at lines 47--48
[][]\OT1/cmr/m/n/12 Bei al-len der drei Pro-duk-ten han-delt es sich um ser-ver
-ba-sier-te VoIP-Anwendungen.
 []

[78] [79]
Overfull \hbox (16.47409pt too wide) in paragraph at lines 78--79
[]\OT1/cmr/m/n/12 Andere Peer-to-Peer Pro-gram-me wie \OT1/cmr/m/it/12 Microsof
t-Netmeeting[]\OT1/cmr/m/n/12 , \OT1/cmr/m/it/12 Microsoft-Messenger[]
 []

[80] [81]
Underfull \hbox (badness 10000) in paragraph at lines 111--111
[][]\OT1/cmr/m/n/10 Wikipedia:Overview of SIP Soft-wa-re, Ver-si-on 22.03.2008,

 []


Overfull \hbox (20.86517pt too wide) in paragraph at lines 114--115
[]\OT1/cmr/m/n/12 Neben kom-plet-ten Soft-pho-nes exis-tie-ren Plattform-[]uber
greifende SIP-Protokollstapel,
 []

[82]
File: grafiken/pjsip.eps Graphic file (type eps)
 <grafiken/pjsip.eps> [83]
File: grafiken/spielewelt-screenshot.eps Graphic file (type eps)
 <grafiken/spielewelt-screenshot.eps> [84]
[85] [86]
File: grafiken/pjsip-mediaflow.eps Graphic file (type eps)
 <grafiken/pjsip-mediaflow.eps> [87] [88]
File: grafiken/conference-bridge.eps Graphic file (type eps)

<grafiken/conference-bridge.eps>
File: grafiken/gamestart-screenshot.eps Graphic file (type eps)
 <grafiken/gamestart-screenshot.eps> [89]
[90] [91]
File: grafiken/sipanruf_403.eps Graphic file (type eps)
 <grafiken/sipanruf_403.eps> [92] [93] [94]
File: grafiken/siphold.eps Graphic file (type eps)
 <grafiken/siphold.eps>
[95] [96]) [97] (kapitel/kapitel_network.tex
Kapitel 8.
[98



] [99] [100] [101] [102] [103] [104] [105] [106] [107] [108]

LaTeX Warning: Reference `p2psipregisterandjoin' on page 109 undefined on input
 line 201.


LaTeX Warning: Reference `p2psipregisterandjoin_user' on page 109 undefined on 
input line 205.

[109]
File: grafiken/p2psipregisterandjoin.eps Graphic file (type eps)
 <grafiken/p2psipregisterandjoin.eps>
File: grafiken/p2psipregisterandjoin_user.eps Graphic file (type eps)

<grafiken/p2psipregisterandjoin_user.eps>

LaTeX Warning: Reference `p2psipcall' on page 110 undefined on input line 222.

[110]
File: grafiken/p2psipcall.eps Graphic file (type eps)
 <grafiken/p2psipcall.eps> [111]
File: grafiken/3in1registrar.eps Graphic file (type eps)
 <grafiken/3in1registrar.eps>) [112]
[113] (kapitel/kapitel_benchmarking.tex
Kapitel 9.
File: grafiken/fullmesh.eps Graphic file (type eps)
<grafiken/fullmesh.eps>
File: grafiken/fullmeshchart.eps Graphic file (type eps)
 <grafiken/fullmeshchart.eps> [114



]
File: grafiken/partialmesh.eps Graphic file (type eps)

<grafiken/partialmesh.eps>
File: grafiken/partialmeshchart.eps Graphic file (type eps)
 <grafiken/partialmeshchart.eps> [115]
File: grafiken/fullmesh-worstcase.eps Graphic file (type eps)

<grafiken/fullmesh-worstcase.eps>
File: grafiken/ohnevpn1.eps Graphic file (type eps)
 <grafiken/ohnevpn1.eps> [116]
File: grafiken/ohnevpn2.eps Graphic file (type eps)

<grafiken/ohnevpn2.eps>
File: grafiken/mitvadupdown.eps Graphic file (type eps)
 <grafiken/mitvadupdown.eps>
File: grafiken/mitvadrtpsip.eps Graphic file (type eps)

<grafiken/mitvadrtpsip.eps> [117]
File: grafiken/mitholdupanddown.eps Graphic file (type eps)
 <grafiken/mitholdupanddown.eps>
File: grafiken/mithold1.eps Graphic file (type eps)

<grafiken/mithold1.eps> [118]
File: grafiken/mitvadund2codecs.eps Graphic file (type eps)
 <grafiken/mitvadund2codecs.eps>
File: grafiken/mitvadundrtpsip.eps Graphic file (type eps)

<grafiken/mitvadundrtpsip.eps>) [119] [120] [121] [122] [123] [124]
(kapitel/kapitel_conclusion.tex
Kapitel 10.
[125



] [126] [127]
! Undefined control sequence.
l.34 ...yspielen oder tragbaren Konsolen\footnonte
                                                  {Nintendo DS, Playstation ...
The control sequence at the end of the top line
of your error message was never \def'ed. If you have
misspelled it (e.g., `\hobx'), type `I' and the correct
spelling (e.g., `I\hbox'). Otherwise just continue,
and I'll forget about whatever was undefined.

) [128] (Main.bbl [129



]
Underfull \hbox (badness 10000) in paragraph at lines 141--147
[][]\OT1/cmr/m/sc/12 Ernst&Young\OT1/cmr/m/n/12 :  Di-gi-ta-le Spie-le in Deuts
ch-land.  In:
 []


Underfull \hbox (badness 10000) in paragraph at lines 141--147
\OT1/cmr/m/it/12 http://www.ey.com/global/content.nsf/Germany/Publikationen[]-
 []

[130]
Underfull \hbox (badness 2042) in paragraph at lines 257--264
[][]\OT1/cmr/m/sc/12 Ipoque\OT1/cmr/m/n/12 :  In-ter-net Stu-die 2007: Aus-wir-
kun-gen von P2P-Filesharing,
 []


Overfull \hbox (1.91747pt too wide) in paragraph at lines 257--264
\OT1/cmr/m/it/12 http://www.ipoque.com/news[]&[]events/internet[]studies/intern
et[]study[]2007
 []

[131] [132]
Underfull \hbox (badness 10000) in paragraph at lines 431--435
[][]\OT1/cmr/m/sc/12 Reichswald\OT1/cmr/m/n/12 , R. ; \OT1/cmr/m/sc/12 M[]oslei
n\OT1/cmr/m/n/12 , K. ; \OT1/cmr/m/sc/12 Sa-chen-ba-che-rand\OT1/cmr/m/n/12 , K
. ;
 []

[133] [134]
Underfull \hbox (badness 4353) in paragraph at lines 557--562
[][]\OT1/cmr/m/sc/12 Schulzrinne\OT1/cmr/m/n/12 , H. ; \OT1/cmr/m/sc/12 Cas-ner
\OT1/cmr/m/n/12 , S. ; \OT1/cmr/m/sc/12 Fre-de-rick\OT1/cmr/m/n/12 , R. ; \OT1/
cmr/m/sc/12 Ja-cob-son\OT1/cmr/m/n/12 ,
 []


Underfull \hbox (badness 1715) in paragraph at lines 557--562
\OT1/cmr/m/n/12 V.:  RTP: A Trans-port Pro-to-col for Real-Time Ap-p-li-ca-ti-o
ns.  In:
 []

[135] [136]) [137] (kapitel/erklaerung.tex) [138


] (Main.aux (kapitel/titel.aux) (kapitel/abstract.aux) (kapitel/stichwortverzei
chnis.aux)
(kapitel/abkuerzungen.aux) (kapitel/einleitung.aux)
(kapitel/kapitel_kommunikation.aux) (kapitel/kapitel_folgerungundziele.aux)
(kapitel/kapitel_sip.aux) (kapitel/kapitel_recentwork.aux)
(kapitel/kapitel_konstruktion.aux) (kapitel/kapitel_implementierung.aux)
(kapitel/kapitel_network.aux) (kapitel/kapitel_benchmarking.aux)
(kapitel/kapitel_conclusion.aux) (kapitel/erklaerung.aux))

LaTeX Warning: There were undefined references.


LaTeX Warning: There were multiply-defined labels.

 ) 
Here is how much of TeX's memory you used:
 6707 strings out of 95351
 96037 string characters out of 1184568
 210331 words of memory out of 1500000
 9666 multiletter control sequences out of 110000
 11465 words of font info for 41 fonts, out of 1200000 for 2000
 14 hyphenation exceptions out of 8191
 37i,11n,37p,1415b,1101s stack positions out of 5000i,500n,10000p,200000b,5000s

Output written on Main.dvi (150 pages, 533760 bytes).
